[2024-07-30 13:38:43,252][src.utils.utils][INFO] - [rank: 0] Enforcing tags! <cfg.extras.enforce_tags=True>
[2024-07-30 13:38:43,255][src.utils.utils][INFO] - [rank: 0] Printing config tree with Rich! <cfg.extras.print_config=True>
[2024-07-30 13:38:43,288][__main__][INFO] - [rank: 0] Instantiating datamodule <src.data.blind_slopes.BlindSlopesDataModule>
[2024-07-30 13:38:43,298][__main__][INFO] - [rank: 0] Instantiating model <src.models.baseline_module_t60.MultiSlopeEstimation>
[2024-07-30 13:39:05,172][__main__][INFO] - [rank: 0] Instantiating callbacks...
[2024-07-30 13:39:05,172][src.utils.instantiators][INFO] - [rank: 0] Instantiating callback <lightning.pytorch.callbacks.ModelCheckpoint>
[2024-07-30 13:39:05,174][src.utils.instantiators][INFO] - [rank: 0] Instantiating callback <lightning.pytorch.callbacks.EarlyStopping>
[2024-07-30 13:39:05,174][src.utils.instantiators][INFO] - [rank: 0] Instantiating callback <lightning.pytorch.callbacks.RichModelSummary>
[2024-07-30 13:39:05,174][src.utils.instantiators][INFO] - [rank: 0] Instantiating callback <lightning.pytorch.callbacks.RichProgressBar>
[2024-07-30 13:39:05,175][__main__][INFO] - [rank: 0] Instantiating loggers...
[2024-07-30 13:39:05,175][src.utils.instantiators][INFO] - [rank: 0] Instantiating logger <lightning.pytorch.loggers.tensorboard.TensorBoardLogger>
[2024-07-30 13:39:05,176][src.utils.utils][ERROR] - [rank: 0] 
Traceback (most recent call last):
  File "/opt/miniconda3/envs/test/lib/python3.10/site-packages/hydra/_internal/instantiate/_instantiate2.py", line 92, in _call_target
    return _target_(*args, **kwargs)
  File "/opt/miniconda3/envs/test/lib/python3.10/site-packages/lightning/pytorch/loggers/tensorboard.py", line 99, in __init__
    super().__init__(
  File "/opt/miniconda3/envs/test/lib/python3.10/site-packages/lightning/fabric/loggers/tensorboard.py", line 95, in __init__
    raise ModuleNotFoundError(
ModuleNotFoundError: Neither `tensorboard` nor `tensorboardX` is available. Try `pip install`ing either.
Requirement 'tensorboardX' not met. HINT: Try running `pip install -U 'tensorboardX'`
Requirement 'tensorboard' not met. HINT: Try running `pip install -U 'tensorboard'`

The above exception was the direct cause of the following exception:

Traceback (most recent call last):
  File "/Users/goe/git/blind-multi-room-model/src/utils/utils.py", line 68, in wrap
    metric_dict, object_dict = task_func(cfg=cfg)
  File "/Users/goe/git/blind-multi-room-model/src/train.py", line 73, in train
    logger: List[Logger] = instantiate_loggers(cfg.get("logger"))
  File "/Users/goe/git/blind-multi-room-model/src/utils/instantiators.py", line 54, in instantiate_loggers
    logger.append(hydra.utils.instantiate(lg_conf))
  File "/opt/miniconda3/envs/test/lib/python3.10/site-packages/hydra/_internal/instantiate/_instantiate2.py", line 226, in instantiate
    return instantiate_node(
  File "/opt/miniconda3/envs/test/lib/python3.10/site-packages/hydra/_internal/instantiate/_instantiate2.py", line 347, in instantiate_node
    return _call_target(_target_, partial, args, kwargs, full_key)
  File "/opt/miniconda3/envs/test/lib/python3.10/site-packages/hydra/_internal/instantiate/_instantiate2.py", line 97, in _call_target
    raise InstantiationException(msg) from e
hydra.errors.InstantiationException: Error in call to target 'lightning.pytorch.loggers.tensorboard.TensorBoardLogger':
ModuleNotFoundError("Neither `tensorboard` nor `tensorboardX` is available. Try `pip install`ing either.\nRequirement 'tensorboardX' not met. HINT: Try running `pip install -U 'tensorboardX'`\nRequirement 'tensorboard' not met. HINT: Try running `pip install -U 'tensorboard'`")
full_key: logger.tensorboard
[2024-07-30 13:39:05,177][src.utils.utils][INFO] - [rank: 0] Output dir: /Users/goe/git/blind-multi-room-model/logs/baseline_t60
[2024-07-30 16:01:30,080][src.utils.utils][INFO] - [rank: 0] Enforcing tags! <cfg.extras.enforce_tags=True>
[2024-07-30 16:01:30,082][src.utils.utils][INFO] - [rank: 0] Printing config tree with Rich! <cfg.extras.print_config=True>
[2024-07-30 16:01:30,117][__main__][INFO] - [rank: 0] Instantiating datamodule <src.data.blind_slopes.BlindSlopesDataModule>
[2024-07-30 16:01:30,129][__main__][INFO] - [rank: 0] Instantiating model <src.models.baseline_module_t60.MultiSlopeEstimation>
[2024-07-30 16:01:31,123][__main__][INFO] - [rank: 0] Instantiating callbacks...
[2024-07-30 16:01:31,124][src.utils.instantiators][INFO] - [rank: 0] Instantiating callback <lightning.pytorch.callbacks.ModelCheckpoint>
[2024-07-30 16:01:31,125][src.utils.instantiators][INFO] - [rank: 0] Instantiating callback <lightning.pytorch.callbacks.EarlyStopping>
[2024-07-30 16:01:31,126][src.utils.instantiators][INFO] - [rank: 0] Instantiating callback <lightning.pytorch.callbacks.RichModelSummary>
[2024-07-30 16:01:31,126][src.utils.instantiators][INFO] - [rank: 0] Instantiating callback <lightning.pytorch.callbacks.RichProgressBar>
[2024-07-30 16:01:31,127][__main__][INFO] - [rank: 0] Instantiating loggers...
[2024-07-30 16:01:31,127][src.utils.instantiators][INFO] - [rank: 0] Instantiating logger <lightning.pytorch.loggers.tensorboard.TensorBoardLogger>
[2024-07-30 16:01:31,128][__main__][INFO] - [rank: 0] Instantiating trainer <lightning.pytorch.trainer.Trainer>
[2024-07-30 16:01:31,176][__main__][INFO] - [rank: 0] Logging hyperparameters!
[2024-07-30 16:01:31,230][__main__][INFO] - [rank: 0] Starting training!
[2024-07-30 16:01:36,636][__main__][INFO] - [rank: 0] Starting testing!
[2024-07-30 16:01:36,636][__main__][WARNING] - [rank: 0] Best ckpt not found! Using current weights for testing...
[2024-07-30 16:01:37,431][__main__][INFO] - [rank: 0] Best ckpt path: None
[2024-07-30 16:01:37,432][src.utils.utils][INFO] - [rank: 0] Output dir: /Users/goe/git/blind-multi-room-model/logs/baseline_t60
